{"F:\\Amilio Work\\Technical Test\\PT. Nusantera Teknologi Indonesia\\On-Demand-Application\\app.js": {"path":"F:\\Amilio Work\\Technical Test\\PT. Nusantera Teknologi Indonesia\\On-Demand-Application\\app.js","statementMap":{"0":{"start":{"line":1,"column":10},"end":{"line":1,"column":30}},"1":{"start":{"line":3,"column":0},"end":{"line":5,"column":1}},"2":{"start":{"line":4,"column":2},"end":{"line":4,"column":28}},"3":{"start":{"line":7,"column":16},"end":{"line":7,"column":34}},"4":{"start":{"line":8,"column":12},"end":{"line":8,"column":21}},"5":{"start":{"line":9,"column":13},"end":{"line":9,"column":37}},"6":{"start":{"line":10,"column":13},"end":{"line":10,"column":28}},"7":{"start":{"line":11,"column":15},"end":{"line":11,"column":40}},"8":{"start":{"line":12,"column":21},"end":{"line":12,"column":58}},"9":{"start":{"line":14,"column":0},"end":{"line":14,"column":15}},"10":{"start":{"line":15,"column":0},"end":{"line":15,"column":23}},"11":{"start":{"line":16,"column":0},"end":{"line":16,"column":45}},"12":{"start":{"line":18,"column":0},"end":{"line":18,"column":15}},"13":{"start":{"line":19,"column":0},"end":{"line":19,"column":21}},"14":{"start":{"line":26,"column":0},"end":{"line":26,"column":20}}},"fnMap":{},"branchMap":{"0":{"loc":{"start":{"line":3,"column":0},"end":{"line":5,"column":1}},"type":"if","locations":[{"start":{"line":3,"column":0},"end":{"line":5,"column":1}},{"start":{"line":3,"column":0},"end":{"line":5,"column":1}}],"line":3},"1":{"loc":{"start":{"line":3,"column":4},"end":{"line":3,"column":41}},"type":"binary-expr","locations":[{"start":{"line":3,"column":4},"end":{"line":3,"column":24}},{"start":{"line":3,"column":28},"end":{"line":3,"column":41}}],"line":3},"2":{"loc":{"start":{"line":9,"column":13},"end":{"line":9,"column":37}},"type":"binary-expr","locations":[{"start":{"line":9,"column":13},"end":{"line":9,"column":29}},{"start":{"line":9,"column":33},"end":{"line":9,"column":37}}],"line":9}},"s":{"0":1,"1":1,"2":1,"3":1,"4":1,"5":1,"6":1,"7":1,"8":1,"9":1,"10":1,"11":1,"12":1,"13":1,"14":1},"f":{},"b":{"0":[1,0],"1":[1,1],"2":[1,1]},"_coverageSchema":"1a1c01bbd47fc00a2c39e90264f33305004495a9","hash":"c6840c10e8900cc65ca5e327c2b3469590e0033c"}
,"F:\\Amilio Work\\Technical Test\\PT. Nusantera Teknologi Indonesia\\On-Demand-Application\\config\\config.js": {"path":"F:\\Amilio Work\\Technical Test\\PT. Nusantera Teknologi Indonesia\\On-Demand-Application\\config\\config.js","statementMap":{"0":{"start":{"line":3,"column":0},"end":{"line":5,"column":1}},"1":{"start":{"line":4,"column":2},"end":{"line":4,"column":28}},"2":{"start":{"line":7,"column":0},"end":{"line":31,"column":1}}},"fnMap":{},"branchMap":{"0":{"loc":{"start":{"line":3,"column":0},"end":{"line":5,"column":1}},"type":"if","locations":[{"start":{"line":3,"column":0},"end":{"line":5,"column":1}},{"start":{"line":3,"column":0},"end":{"line":5,"column":1}}],"line":3}},"s":{"0":1,"1":1,"2":1},"f":{},"b":{"0":[1,0]},"_coverageSchema":"1a1c01bbd47fc00a2c39e90264f33305004495a9","hash":"25ade6f4afbaf9984e69792fea88180bbd6bc1fc"}
,"F:\\Amilio Work\\Technical Test\\PT. Nusantera Teknologi Indonesia\\On-Demand-Application\\controllers\\orderController.js": {"path":"F:\\Amilio Work\\Technical Test\\PT. Nusantera Teknologi Indonesia\\On-Demand-Application\\controllers\\orderController.js","statementMap":{"0":{"start":{"line":1,"column":24},"end":{"line":1,"column":44}},"1":{"start":{"line":23,"column":4},"end":{"line":49,"column":5}},"2":{"start":{"line":25,"column":40},"end":{"line":25,"column":48}},"3":{"start":{"line":26,"column":14},"end":{"line":26,"column":21}},"4":{"start":{"line":27,"column":17},"end":{"line":27,"column":61}},"5":{"start":{"line":28,"column":17},"end":{"line":28,"column":61}},"6":{"start":{"line":29,"column":14},"end":{"line":31,"column":43}},"7":{"start":{"line":32,"column":14},"end":{"line":32,"column":58}},"8":{"start":{"line":33,"column":14},"end":{"line":33,"column":19}},"9":{"start":{"line":34,"column":24},"end":{"line":34,"column":44}},"10":{"start":{"line":35,"column":6},"end":{"line":35,"column":39}},"11":{"start":{"line":36,"column":18},"end":{"line":36,"column":36}},"12":{"start":{"line":37,"column":20},"end":{"line":45,"column":8}},"13":{"start":{"line":46,"column":6},"end":{"line":46,"column":37}},"14":{"start":{"line":48,"column":6},"end":{"line":48,"column":15}},"15":{"start":{"line":54,"column":4},"end":{"line":63,"column":5}},"16":{"start":{"line":55,"column":20},"end":{"line":59,"column":8}},"17":{"start":{"line":60,"column":6},"end":{"line":60,"column":37}},"18":{"start":{"line":62,"column":6},"end":{"line":62,"column":15}},"19":{"start":{"line":68,"column":4},"end":{"line":82,"column":5}},"20":{"start":{"line":69,"column":6},"end":{"line":69,"column":45}},"21":{"start":{"line":70,"column":20},"end":{"line":77,"column":8}},"22":{"start":{"line":78,"column":6},"end":{"line":78,"column":75}},"23":{"start":{"line":78,"column":32},"end":{"line":78,"column":75}},"24":{"start":{"line":79,"column":6},"end":{"line":79,"column":39}},"25":{"start":{"line":81,"column":6},"end":{"line":81,"column":15}},"26":{"start":{"line":87,"column":4},"end":{"line":101,"column":5}},"27":{"start":{"line":88,"column":6},"end":{"line":88,"column":45}},"28":{"start":{"line":89,"column":20},"end":{"line":96,"column":8}},"29":{"start":{"line":97,"column":6},"end":{"line":97,"column":75}},"30":{"start":{"line":97,"column":32},"end":{"line":97,"column":75}},"31":{"start":{"line":98,"column":6},"end":{"line":98,"column":39}},"32":{"start":{"line":100,"column":6},"end":{"line":100,"column":15}},"33":{"start":{"line":105,"column":0},"end":{"line":105,"column":32}}},"fnMap":{"0":{"name":"(anonymous_0)","decl":{"start":{"line":22,"column":2},"end":{"line":22,"column":3}},"loc":{"start":{"line":22,"column":43},"end":{"line":50,"column":3}},"line":22},"1":{"name":"(anonymous_1)","decl":{"start":{"line":53,"column":2},"end":{"line":53,"column":3}},"loc":{"start":{"line":53,"column":44},"end":{"line":64,"column":3}},"line":53},"2":{"name":"(anonymous_2)","decl":{"start":{"line":67,"column":2},"end":{"line":67,"column":3}},"loc":{"start":{"line":67,"column":49},"end":{"line":83,"column":3}},"line":67},"3":{"name":"(anonymous_3)","decl":{"start":{"line":86,"column":2},"end":{"line":86,"column":3}},"loc":{"start":{"line":86,"column":52},"end":{"line":102,"column":3}},"line":86}},"branchMap":{"0":{"loc":{"start":{"line":78,"column":6},"end":{"line":78,"column":75}},"type":"if","locations":[{"start":{"line":78,"column":6},"end":{"line":78,"column":75}},{"start":{"line":78,"column":6},"end":{"line":78,"column":75}}],"line":78},"1":{"loc":{"start":{"line":97,"column":6},"end":{"line":97,"column":75}},"type":"if","locations":[{"start":{"line":97,"column":6},"end":{"line":97,"column":75}},{"start":{"line":97,"column":6},"end":{"line":97,"column":75}}],"line":97}},"s":{"0":1,"1":2,"2":2,"3":2,"4":2,"5":2,"6":2,"7":2,"8":2,"9":2,"10":2,"11":2,"12":2,"13":1,"14":1,"15":1,"16":1,"17":1,"18":0,"19":1,"20":1,"21":1,"22":1,"23":0,"24":1,"25":0,"26":1,"27":1,"28":1,"29":1,"30":0,"31":1,"32":0,"33":1},"f":{"0":2,"1":1,"2":1,"3":1},"b":{"0":[0,1],"1":[0,1]},"_coverageSchema":"1a1c01bbd47fc00a2c39e90264f33305004495a9","hash":"01b217b590e2b478ec762604b019eaf52155de0d"}
,"F:\\Amilio Work\\Technical Test\\PT. Nusantera Teknologi Indonesia\\On-Demand-Application\\controllers\\userController.js": {"path":"F:\\Amilio Work\\Technical Test\\PT. Nusantera Teknologi Indonesia\\On-Demand-Application\\controllers\\userController.js","statementMap":{"0":{"start":{"line":1,"column":24},"end":{"line":1,"column":44}},"1":{"start":{"line":2,"column":20},"end":{"line":2,"column":48}},"2":{"start":{"line":3,"column":26},"end":{"line":3,"column":51}},"3":{"start":{"line":8,"column":4},"end":{"line":19,"column":5}},"4":{"start":{"line":9,"column":50},"end":{"line":9,"column":58}},"5":{"start":{"line":10,"column":6},"end":{"line":10,"column":50}},"6":{"start":{"line":11,"column":19},"end":{"line":11,"column":86}},"7":{"start":{"line":12,"column":6},"end":{"line":12,"column":23}},"8":{"start":{"line":13,"column":6},"end":{"line":16,"column":8}},"9":{"start":{"line":18,"column":6},"end":{"line":18,"column":15}},"10":{"start":{"line":23,"column":4},"end":{"line":50,"column":5}},"11":{"start":{"line":24,"column":40},"end":{"line":24,"column":48}},"12":{"start":{"line":25,"column":19},"end":{"line":30,"column":8}},"13":{"start":{"line":31,"column":6},"end":{"line":31,"column":65}},"14":{"start":{"line":31,"column":17},"end":{"line":31,"column":65}},"15":{"start":{"line":32,"column":30},"end":{"line":32,"column":62}},"16":{"start":{"line":33,"column":6},"end":{"line":33,"column":59}},"17":{"start":{"line":34,"column":6},"end":{"line":34,"column":76}},"18":{"start":{"line":34,"column":28},"end":{"line":34,"column":76}},"19":{"start":{"line":36,"column":27},"end":{"line":40,"column":8}},"20":{"start":{"line":41,"column":6},"end":{"line":47,"column":8}},"21":{"start":{"line":49,"column":6},"end":{"line":49,"column":15}},"22":{"start":{"line":54,"column":4},"end":{"line":81,"column":5}},"23":{"start":{"line":55,"column":19},"end":{"line":60,"column":8}},"24":{"start":{"line":61,"column":20},"end":{"line":66,"column":8}},"25":{"start":{"line":67,"column":16},"end":{"line":67,"column":39}},"26":{"start":{"line":68,"column":25},"end":{"line":75,"column":8}},"27":{"start":{"line":76,"column":6},"end":{"line":76,"column":80}},"28":{"start":{"line":76,"column":38},"end":{"line":76,"column":80}},"29":{"start":{"line":77,"column":6},"end":{"line":77,"column":35}},"30":{"start":{"line":78,"column":6},"end":{"line":78,"column":44}},"31":{"start":{"line":80,"column":6},"end":{"line":80,"column":15}},"32":{"start":{"line":86,"column":0},"end":{"line":86,"column":31}}},"fnMap":{"0":{"name":"(anonymous_0)","decl":{"start":{"line":7,"column":2},"end":{"line":7,"column":3}},"loc":{"start":{"line":7,"column":40},"end":{"line":20,"column":3}},"line":7},"1":{"name":"(anonymous_1)","decl":{"start":{"line":22,"column":2},"end":{"line":22,"column":3}},"loc":{"start":{"line":22,"column":37},"end":{"line":51,"column":3}},"line":22},"2":{"name":"(anonymous_2)","decl":{"start":{"line":53,"column":2},"end":{"line":53,"column":3}},"loc":{"start":{"line":53,"column":54},"end":{"line":82,"column":3}},"line":53}},"branchMap":{"0":{"loc":{"start":{"line":31,"column":6},"end":{"line":31,"column":65}},"type":"if","locations":[{"start":{"line":31,"column":6},"end":{"line":31,"column":65}},{"start":{"line":31,"column":6},"end":{"line":31,"column":65}}],"line":31},"1":{"loc":{"start":{"line":34,"column":6},"end":{"line":34,"column":76}},"type":"if","locations":[{"start":{"line":34,"column":6},"end":{"line":34,"column":76}},{"start":{"line":34,"column":6},"end":{"line":34,"column":76}}],"line":34},"2":{"loc":{"start":{"line":76,"column":6},"end":{"line":76,"column":80}},"type":"if","locations":[{"start":{"line":76,"column":6},"end":{"line":76,"column":80}},{"start":{"line":76,"column":6},"end":{"line":76,"column":80}}],"line":76}},"s":{"0":1,"1":1,"2":1,"3":2,"4":2,"5":2,"6":2,"7":1,"8":1,"9":1,"10":4,"11":4,"12":4,"13":3,"14":1,"15":2,"16":2,"17":2,"18":1,"19":1,"20":1,"21":3,"22":2,"23":2,"24":2,"25":2,"26":2,"27":2,"28":1,"29":1,"30":1,"31":1,"32":1},"f":{"0":2,"1":4,"2":2},"b":{"0":[1,2],"1":[1,1],"2":[1,1]},"_coverageSchema":"1a1c01bbd47fc00a2c39e90264f33305004495a9","hash":"658e7e7fd99a2d47dccafaf5605b184282cef412"}
,"F:\\Amilio Work\\Technical Test\\PT. Nusantera Teknologi Indonesia\\On-Demand-Application\\helpers\\bcrypt.js": {"path":"F:\\Amilio Work\\Technical Test\\PT. Nusantera Teknologi Indonesia\\On-Demand-Application\\helpers\\bcrypt.js","statementMap":{"0":{"start":{"line":1,"column":15},"end":{"line":1,"column":34}},"1":{"start":{"line":3,"column":16},"end":{"line":6,"column":1}},"2":{"start":{"line":4,"column":15},"end":{"line":4,"column":37}},"3":{"start":{"line":5,"column":2},"end":{"line":5,"column":40}},"4":{"start":{"line":8,"column":16},"end":{"line":10,"column":1}},"5":{"start":{"line":9,"column":2},"end":{"line":9,"column":53}},"6":{"start":{"line":12,"column":0},"end":{"line":12,"column":37}}},"fnMap":{"0":{"name":"(anonymous_0)","decl":{"start":{"line":3,"column":16},"end":{"line":3,"column":17}},"loc":{"start":{"line":3,"column":30},"end":{"line":6,"column":1}},"line":3},"1":{"name":"(anonymous_1)","decl":{"start":{"line":8,"column":16},"end":{"line":8,"column":17}},"loc":{"start":{"line":8,"column":46},"end":{"line":10,"column":1}},"line":8}},"branchMap":{},"s":{"0":1,"1":1,"2":2,"3":2,"4":1,"5":2,"6":1},"f":{"0":2,"1":2},"b":{},"_coverageSchema":"1a1c01bbd47fc00a2c39e90264f33305004495a9","hash":"17369c462c37a50d41077c430f151c7218303ab6"}
,"F:\\Amilio Work\\Technical Test\\PT. Nusantera Teknologi Indonesia\\On-Demand-Application\\helpers\\jwt.js": {"path":"F:\\Amilio Work\\Technical Test\\PT. Nusantera Teknologi Indonesia\\On-Demand-Application\\helpers\\jwt.js","statementMap":{"0":{"start":{"line":1,"column":12},"end":{"line":1,"column":35}},"1":{"start":{"line":4,"column":2},"end":{"line":4,"column":50}},"2":{"start":{"line":8,"column":2},"end":{"line":13,"column":3}},"3":{"start":{"line":9,"column":18},"end":{"line":9,"column":59}},"4":{"start":{"line":10,"column":4},"end":{"line":10,"column":18}},"5":{"start":{"line":12,"column":4},"end":{"line":12,"column":16}},"6":{"start":{"line":16,"column":0},"end":{"line":19,"column":1}}},"fnMap":{"0":{"name":"generateToken","decl":{"start":{"line":3,"column":9},"end":{"line":3,"column":22}},"loc":{"start":{"line":3,"column":32},"end":{"line":5,"column":1}},"line":3},"1":{"name":"verifyToken","decl":{"start":{"line":7,"column":9},"end":{"line":7,"column":20}},"loc":{"start":{"line":7,"column":28},"end":{"line":14,"column":1}},"line":7}},"branchMap":{},"s":{"0":1,"1":1,"2":8,"3":8,"4":7,"5":1,"6":1},"f":{"0":1,"1":8},"b":{},"_coverageSchema":"1a1c01bbd47fc00a2c39e90264f33305004495a9","hash":"f5b879f4ea9e0c64f417e95d6c63bff9641498fb"}
,"F:\\Amilio Work\\Technical Test\\PT. Nusantera Teknologi Indonesia\\On-Demand-Application\\middlewares\\authentication.js": {"path":"F:\\Amilio Work\\Technical Test\\PT. Nusantera Teknologi Indonesia\\On-Demand-Application\\middlewares\\authentication.js","statementMap":{"0":{"start":{"line":1,"column":24},"end":{"line":1,"column":52}},"1":{"start":{"line":3,"column":23},"end":{"line":17,"column":1}},"2":{"start":{"line":4,"column":2},"end":{"line":16,"column":3}},"3":{"start":{"line":5,"column":29},"end":{"line":5,"column":40}},"4":{"start":{"line":7,"column":4},"end":{"line":7,"column":64}},"5":{"start":{"line":8,"column":4},"end":{"line":8,"column":64}},"6":{"start":{"line":8,"column":23},"end":{"line":8,"column":64}},"7":{"start":{"line":10,"column":20},"end":{"line":10,"column":45}},"8":{"start":{"line":11,"column":4},"end":{"line":11,"column":59}},"9":{"start":{"line":11,"column":18},"end":{"line":11,"column":59}},"10":{"start":{"line":12,"column":4},"end":{"line":12,"column":22}},"11":{"start":{"line":13,"column":4},"end":{"line":13,"column":10}},"12":{"start":{"line":15,"column":4},"end":{"line":15,"column":13}},"13":{"start":{"line":19,"column":0},"end":{"line":19,"column":31}}},"fnMap":{"0":{"name":"(anonymous_0)","decl":{"start":{"line":3,"column":23},"end":{"line":3,"column":24}},"loc":{"start":{"line":3,"column":49},"end":{"line":17,"column":1}},"line":3}},"branchMap":{"0":{"loc":{"start":{"line":8,"column":4},"end":{"line":8,"column":64}},"type":"if","locations":[{"start":{"line":8,"column":4},"end":{"line":8,"column":64}},{"start":{"line":8,"column":4},"end":{"line":8,"column":64}}],"line":8},"1":{"loc":{"start":{"line":11,"column":4},"end":{"line":11,"column":59}},"type":"if","locations":[{"start":{"line":11,"column":4},"end":{"line":11,"column":59}},{"start":{"line":11,"column":4},"end":{"line":11,"column":59}}],"line":11}},"s":{"0":1,"1":1,"2":12,"3":12,"4":12,"5":12,"6":4,"7":8,"8":8,"9":1,"10":7,"11":7,"12":5,"13":1},"f":{"0":12},"b":{"0":[4,8],"1":[1,7]},"_coverageSchema":"1a1c01bbd47fc00a2c39e90264f33305004495a9","hash":"958cee4a7260f65919062e30f9234d583360b7c1"}
,"F:\\Amilio Work\\Technical Test\\PT. Nusantera Teknologi Indonesia\\On-Demand-Application\\middlewares\\authorized.js": {"path":"F:\\Amilio Work\\Technical Test\\PT. Nusantera Teknologi Indonesia\\On-Demand-Application\\middlewares\\authorized.js","statementMap":{"0":{"start":{"line":1,"column":17},"end":{"line":1,"column":37}},"1":{"start":{"line":3,"column":19},"end":{"line":17,"column":1}},"2":{"start":{"line":4,"column":2},"end":{"line":16,"column":3}},"3":{"start":{"line":5,"column":4},"end":{"line":5,"column":53}},"4":{"start":{"line":6,"column":22},"end":{"line":6,"column":30}},"5":{"start":{"line":7,"column":17},"end":{"line":11,"column":6}},"6":{"start":{"line":12,"column":4},"end":{"line":12,"column":57}},"7":{"start":{"line":12,"column":15},"end":{"line":12,"column":57}},"8":{"start":{"line":13,"column":4},"end":{"line":13,"column":10}},"9":{"start":{"line":15,"column":4},"end":{"line":15,"column":13}},"10":{"start":{"line":19,"column":0},"end":{"line":19,"column":27}}},"fnMap":{"0":{"name":"(anonymous_0)","decl":{"start":{"line":3,"column":19},"end":{"line":3,"column":20}},"loc":{"start":{"line":3,"column":45},"end":{"line":17,"column":1}},"line":3}},"branchMap":{"0":{"loc":{"start":{"line":12,"column":4},"end":{"line":12,"column":57}},"type":"if","locations":[{"start":{"line":12,"column":4},"end":{"line":12,"column":57}},{"start":{"line":12,"column":4},"end":{"line":12,"column":57}}],"line":12}},"s":{"0":1,"1":1,"2":7,"3":7,"4":7,"5":7,"6":7,"7":0,"8":7,"9":0,"10":1},"f":{"0":7},"b":{"0":[0,7]},"_coverageSchema":"1a1c01bbd47fc00a2c39e90264f33305004495a9","hash":"0de4fb7d8c7bd9aa7301550bfcf2f09afab74bad"}
,"F:\\Amilio Work\\Technical Test\\PT. Nusantera Teknologi Indonesia\\On-Demand-Application\\middlewares\\errorHandler.js": {"path":"F:\\Amilio Work\\Technical Test\\PT. Nusantera Teknologi Indonesia\\On-Demand-Application\\middlewares\\errorHandler.js","statementMap":{"0":{"start":{"line":1,"column":0},"end":{"line":67,"column":1}},"1":{"start":{"line":2,"column":2},"end":{"line":2,"column":60}},"2":{"start":{"line":3,"column":2},"end":{"line":3,"column":44}},"3":{"start":{"line":4,"column":2},"end":{"line":4,"column":47}},"4":{"start":{"line":5,"column":19},"end":{"line":5,"column":22}},"5":{"start":{"line":6,"column":18},"end":{"line":6,"column":41}},"6":{"start":{"line":7,"column":16},"end":{"line":7,"column":35}},"7":{"start":{"line":9,"column":2},"end":{"line":64,"column":3}},"8":{"start":{"line":17,"column":6},"end":{"line":17,"column":22}},"9":{"start":{"line":18,"column":6},"end":{"line":18,"column":36}},"10":{"start":{"line":19,"column":16},"end":{"line":19,"column":18}},"11":{"start":{"line":20,"column":6},"end":{"line":22,"column":8}},"12":{"start":{"line":21,"column":8},"end":{"line":21,"column":28}},"13":{"start":{"line":23,"column":6},"end":{"line":23,"column":19}},"14":{"start":{"line":24,"column":6},"end":{"line":24,"column":11}},"15":{"start":{"line":33,"column":6},"end":{"line":33,"column":22}},"16":{"start":{"line":34,"column":6},"end":{"line":34,"column":36}},"17":{"start":{"line":35,"column":6},"end":{"line":35,"column":49}},"18":{"start":{"line":36,"column":6},"end":{"line":36,"column":11}},"19":{"start":{"line":39,"column":6},"end":{"line":39,"column":22}},"20":{"start":{"line":40,"column":6},"end":{"line":40,"column":36}},"21":{"start":{"line":41,"column":6},"end":{"line":41,"column":41}},"22":{"start":{"line":42,"column":6},"end":{"line":42,"column":11}},"23":{"start":{"line":45,"column":6},"end":{"line":45,"column":22}},"24":{"start":{"line":46,"column":6},"end":{"line":46,"column":32}},"25":{"start":{"line":47,"column":6},"end":{"line":47,"column":36}},"26":{"start":{"line":48,"column":6},"end":{"line":48,"column":11}},"27":{"start":{"line":51,"column":6},"end":{"line":51,"column":22}},"28":{"start":{"line":52,"column":6},"end":{"line":52,"column":29}},"29":{"start":{"line":53,"column":6},"end":{"line":53,"column":46}},"30":{"start":{"line":54,"column":6},"end":{"line":54,"column":11}},"31":{"start":{"line":57,"column":4},"end":{"line":57,"column":20}},"32":{"start":{"line":58,"column":4},"end":{"line":58,"column":27}},"33":{"start":{"line":59,"column":4},"end":{"line":59,"column":45}},"34":{"start":{"line":60,"column":6},"end":{"line":60,"column":11}},"35":{"start":{"line":63,"column":6},"end":{"line":63,"column":11}},"36":{"start":{"line":66,"column":2},"end":{"line":66,"column":53}}},"fnMap":{"0":{"name":"(anonymous_0)","decl":{"start":{"line":1,"column":17},"end":{"line":1,"column":18}},"loc":{"start":{"line":1,"column":42},"end":{"line":67,"column":1}},"line":1},"1":{"name":"(anonymous_1)","decl":{"start":{"line":20,"column":25},"end":{"line":20,"column":26}},"loc":{"start":{"line":20,"column":33},"end":{"line":22,"column":7}},"line":20}},"branchMap":{"0":{"loc":{"start":{"line":9,"column":2},"end":{"line":64,"column":3}},"type":"switch","locations":[{"start":{"line":16,"column":4},"end":{"line":24,"column":11}},{"start":{"line":32,"column":4},"end":{"line":36,"column":11}},{"start":{"line":38,"column":4},"end":{"line":42,"column":11}},{"start":{"line":44,"column":4},"end":{"line":48,"column":11}},{"start":{"line":50,"column":4},"end":{"line":54,"column":11}},{"start":{"line":56,"column":4},"end":{"line":60,"column":11}},{"start":{"line":62,"column":4},"end":{"line":63,"column":11}}],"line":9}},"s":{"0":1,"1":11,"2":11,"3":11,"4":11,"5":11,"6":11,"7":11,"8":2,"9":2,"10":2,"11":2,"12":5,"13":2,"14":2,"15":1,"16":1,"17":1,"18":1,"19":1,"20":1,"21":1,"22":1,"23":5,"24":5,"25":5,"26":5,"27":0,"28":0,"29":0,"30":0,"31":1,"32":1,"33":1,"34":1,"35":1,"36":11},"f":{"0":11,"1":5},"b":{"0":[2,1,1,5,0,1,1]},"_coverageSchema":"1a1c01bbd47fc00a2c39e90264f33305004495a9","hash":"c3e9761ea6572ab6542f81c04df90a0a46995d52"}
,"F:\\Amilio Work\\Technical Test\\PT. Nusantera Teknologi Indonesia\\On-Demand-Application\\models\\index.js": {"path":"F:\\Amilio Work\\Technical Test\\PT. Nusantera Teknologi Indonesia\\On-Demand-Application\\models\\index.js","statementMap":{"0":{"start":{"line":3,"column":11},"end":{"line":3,"column":24}},"1":{"start":{"line":4,"column":13},"end":{"line":4,"column":28}},"2":{"start":{"line":5,"column":18},"end":{"line":5,"column":38}},"3":{"start":{"line":6,"column":17},"end":{"line":6,"column":42}},"4":{"start":{"line":7,"column":12},"end":{"line":7,"column":49}},"5":{"start":{"line":8,"column":15},"end":{"line":8,"column":63}},"6":{"start":{"line":9,"column":11},"end":{"line":9,"column":13}},"7":{"start":{"line":12,"column":0},"end":{"line":16,"column":1}},"8":{"start":{"line":13,"column":2},"end":{"line":13,"column":74}},"9":{"start":{"line":15,"column":2},"end":{"line":15,"column":87}},"10":{"start":{"line":18,"column":0},"end":{"line":26,"column":5}},"11":{"start":{"line":21,"column":4},"end":{"line":21,"column":90}},"12":{"start":{"line":24,"column":18},"end":{"line":24,"column":85}},"13":{"start":{"line":25,"column":4},"end":{"line":25,"column":27}},"14":{"start":{"line":28,"column":0},"end":{"line":32,"column":3}},"15":{"start":{"line":29,"column":2},"end":{"line":31,"column":3}},"16":{"start":{"line":30,"column":4},"end":{"line":30,"column":32}},"17":{"start":{"line":34,"column":0},"end":{"line":34,"column":25}},"18":{"start":{"line":35,"column":0},"end":{"line":35,"column":25}},"19":{"start":{"line":37,"column":0},"end":{"line":37,"column":20}}},"fnMap":{"0":{"name":"(anonymous_0)","decl":{"start":{"line":20,"column":10},"end":{"line":20,"column":11}},"loc":{"start":{"line":20,"column":18},"end":{"line":22,"column":3}},"line":20},"1":{"name":"(anonymous_1)","decl":{"start":{"line":23,"column":11},"end":{"line":23,"column":12}},"loc":{"start":{"line":23,"column":19},"end":{"line":26,"column":3}},"line":23},"2":{"name":"(anonymous_2)","decl":{"start":{"line":28,"column":24},"end":{"line":28,"column":25}},"loc":{"start":{"line":28,"column":37},"end":{"line":32,"column":1}},"line":28}},"branchMap":{"0":{"loc":{"start":{"line":7,"column":12},"end":{"line":7,"column":49}},"type":"binary-expr","locations":[{"start":{"line":7,"column":12},"end":{"line":7,"column":32}},{"start":{"line":7,"column":36},"end":{"line":7,"column":49}}],"line":7},"1":{"loc":{"start":{"line":12,"column":0},"end":{"line":16,"column":1}},"type":"if","locations":[{"start":{"line":12,"column":0},"end":{"line":16,"column":1}},{"start":{"line":12,"column":0},"end":{"line":16,"column":1}}],"line":12},"2":{"loc":{"start":{"line":21,"column":11},"end":{"line":21,"column":89}},"type":"binary-expr","locations":[{"start":{"line":21,"column":12},"end":{"line":21,"column":35}},{"start":{"line":21,"column":41},"end":{"line":21,"column":58}},{"start":{"line":21,"column":64},"end":{"line":21,"column":88}}],"line":21},"3":{"loc":{"start":{"line":29,"column":2},"end":{"line":31,"column":3}},"type":"if","locations":[{"start":{"line":29,"column":2},"end":{"line":31,"column":3}},{"start":{"line":29,"column":2},"end":{"line":31,"column":3}}],"line":29}},"s":{"0":1,"1":1,"2":1,"3":1,"4":1,"5":1,"6":1,"7":1,"8":0,"9":1,"10":1,"11":3,"12":2,"13":2,"14":1,"15":2,"16":2,"17":1,"18":1,"19":1},"f":{"0":3,"1":2,"2":2},"b":{"0":[1,0],"1":[0,1],"2":[3,3,2],"3":[2,0]},"_coverageSchema":"1a1c01bbd47fc00a2c39e90264f33305004495a9","hash":"a97845ebe434322fe3deb6159bf088e2bca3d164"}
,"F:\\Amilio Work\\Technical Test\\PT. Nusantera Teknologi Indonesia\\On-Demand-Application\\models\\order.js": {"path":"F:\\Amilio Work\\Technical Test\\PT. Nusantera Teknologi Indonesia\\On-Demand-Application\\models\\order.js","statementMap":{"0":{"start":{"line":4,"column":4},"end":{"line":4,"column":24}},"1":{"start":{"line":5,"column":0},"end":{"line":110,"column":2}},"2":{"start":{"line":14,"column":6},"end":{"line":14,"column":34}},"3":{"start":{"line":19,"column":2},"end":{"line":108,"column":5}},"4":{"start":{"line":109,"column":2},"end":{"line":109,"column":15}}},"fnMap":{"0":{"name":"(anonymous_0)","decl":{"start":{"line":5,"column":17},"end":{"line":5,"column":18}},"loc":{"start":{"line":5,"column":43},"end":{"line":110,"column":1}},"line":5},"1":{"name":"(anonymous_1)","decl":{"start":{"line":12,"column":4},"end":{"line":12,"column":5}},"loc":{"start":{"line":12,"column":29},"end":{"line":17,"column":5}},"line":12}},"branchMap":{},"s":{"0":1,"1":1,"2":1,"3":1,"4":1},"f":{"0":1,"1":1},"b":{},"_coverageSchema":"1a1c01bbd47fc00a2c39e90264f33305004495a9","hash":"e5099cc02a911a1a70b59f9d802a9f1eda4a8102"}
,"F:\\Amilio Work\\Technical Test\\PT. Nusantera Teknologi Indonesia\\On-Demand-Application\\models\\user.js": {"path":"F:\\Amilio Work\\Technical Test\\PT. Nusantera Teknologi Indonesia\\On-Demand-Application\\models\\user.js","statementMap":{"0":{"start":{"line":3,"column":18},"end":{"line":3,"column":38}},"1":{"start":{"line":4,"column":20},"end":{"line":4,"column":48}},"2":{"start":{"line":5,"column":0},"end":{"line":86,"column":2}},"3":{"start":{"line":14,"column":6},"end":{"line":14,"column":32}},"4":{"start":{"line":17,"column":2},"end":{"line":84,"column":5}},"5":{"start":{"line":79,"column":8},"end":{"line":79,"column":46}},"6":{"start":{"line":85,"column":2},"end":{"line":85,"column":14}}},"fnMap":{"0":{"name":"(anonymous_0)","decl":{"start":{"line":5,"column":17},"end":{"line":5,"column":18}},"loc":{"start":{"line":5,"column":43},"end":{"line":86,"column":1}},"line":5},"1":{"name":"(anonymous_1)","decl":{"start":{"line":12,"column":4},"end":{"line":12,"column":5}},"loc":{"start":{"line":12,"column":29},"end":{"line":15,"column":5}},"line":12},"2":{"name":"(anonymous_2)","decl":{"start":{"line":78,"column":6},"end":{"line":78,"column":7}},"loc":{"start":{"line":78,"column":33},"end":{"line":80,"column":7}},"line":78}},"branchMap":{},"s":{"0":1,"1":1,"2":1,"3":1,"4":1,"5":2,"6":1},"f":{"0":1,"1":1,"2":2},"b":{},"_coverageSchema":"1a1c01bbd47fc00a2c39e90264f33305004495a9","hash":"df5fcddf6a56b580b71838766c45778eb6c749e1"}
,"F:\\Amilio Work\\Technical Test\\PT. Nusantera Teknologi Indonesia\\On-Demand-Application\\routes\\index.js": {"path":"F:\\Amilio Work\\Technical Test\\PT. Nusantera Teknologi Indonesia\\On-Demand-Application\\routes\\index.js","statementMap":{"0":{"start":{"line":1,"column":15},"end":{"line":1,"column":42}},"1":{"start":{"line":2,"column":13},"end":{"line":2,"column":30}},"2":{"start":{"line":3,"column":14},"end":{"line":3,"column":32}},"3":{"start":{"line":5,"column":0},"end":{"line":5,"column":26}},"4":{"start":{"line":6,"column":0},"end":{"line":6,"column":28}},"5":{"start":{"line":9,"column":0},"end":{"line":9,"column":23}}},"fnMap":{},"branchMap":{},"s":{"0":1,"1":1,"2":1,"3":1,"4":1,"5":1},"f":{},"b":{},"_coverageSchema":"1a1c01bbd47fc00a2c39e90264f33305004495a9","hash":"177fad78c9f5b77efc82168d87f9b7c8e6e6baf6"}
,"F:\\Amilio Work\\Technical Test\\PT. Nusantera Teknologi Indonesia\\On-Demand-Application\\routes\\order.js": {"path":"F:\\Amilio Work\\Technical Test\\PT. Nusantera Teknologi Indonesia\\On-Demand-Application\\routes\\order.js","statementMap":{"0":{"start":{"line":1,"column":15},"end":{"line":1,"column":42}},"1":{"start":{"line":2,"column":24},"end":{"line":2,"column":65}},"2":{"start":{"line":3,"column":21},"end":{"line":3,"column":61}},"3":{"start":{"line":4,"column":18},"end":{"line":4,"column":54}},"4":{"start":{"line":7,"column":0},"end":{"line":7,"column":70}},"5":{"start":{"line":15,"column":0},"end":{"line":15,"column":70}},"6":{"start":{"line":22,"column":0},"end":{"line":22,"column":78}},"7":{"start":{"line":26,"column":0},"end":{"line":26,"column":88}},"8":{"start":{"line":29,"column":0},"end":{"line":29,"column":23}}},"fnMap":{},"branchMap":{},"s":{"0":1,"1":1,"2":1,"3":1,"4":1,"5":1,"6":1,"7":1,"8":1},"f":{},"b":{},"_coverageSchema":"1a1c01bbd47fc00a2c39e90264f33305004495a9","hash":"91c9ae779cb216715a16ac3495d8ff5d64e15e45"}
,"F:\\Amilio Work\\Technical Test\\PT. Nusantera Teknologi Indonesia\\On-Demand-Application\\routes\\user.js": {"path":"F:\\Amilio Work\\Technical Test\\PT. Nusantera Teknologi Indonesia\\On-Demand-Application\\routes\\user.js","statementMap":{"0":{"start":{"line":1,"column":15},"end":{"line":1,"column":42}},"1":{"start":{"line":2,"column":23},"end":{"line":2,"column":63}},"2":{"start":{"line":3,"column":21},"end":{"line":3,"column":61}},"3":{"start":{"line":4,"column":18},"end":{"line":4,"column":54}},"4":{"start":{"line":7,"column":0},"end":{"line":7,"column":49}},"5":{"start":{"line":9,"column":0},"end":{"line":9,"column":43}},"6":{"start":{"line":20,"column":0},"end":{"line":20,"column":82}},"7":{"start":{"line":21,"column":0},"end":{"line":21,"column":23}}},"fnMap":{},"branchMap":{},"s":{"0":1,"1":1,"2":1,"3":1,"4":1,"5":1,"6":1,"7":1},"f":{},"b":{},"_coverageSchema":"1a1c01bbd47fc00a2c39e90264f33305004495a9","hash":"1688e61782c0f34822e3a6f880da170e80abb70c"}
}
