TN:
SF:app.js
FNF:0
FNH:0
DA:1,1
DA:3,1
DA:4,1
DA:7,1
DA:8,1
DA:9,1
DA:10,1
DA:11,1
DA:12,1
DA:14,1
DA:15,1
DA:16,1
DA:18,1
DA:19,1
DA:26,1
LF:15
LH:15
BRDA:3,0,0,1
BRDA:3,0,1,0
BRDA:3,1,0,1
BRDA:3,1,1,1
BRDA:9,2,0,1
BRDA:9,2,1,1
BRF:6
BRH:5
end_of_record
TN:
SF:config\config.js
FNF:0
FNH:0
DA:3,1
DA:4,1
DA:7,1
LF:3
LH:3
BRDA:3,0,0,1
BRDA:3,0,1,0
BRF:2
BRH:1
end_of_record
TN:
SF:controllers\orderController.js
FN:22,(anonymous_0)
FN:53,(anonymous_1)
FN:67,(anonymous_2)
FN:85,(anonymous_3)
FNF:4
FNH:4
FNDA:2,(anonymous_0)
FNDA:1,(anonymous_1)
FNDA:1,(anonymous_2)
FNDA:1,(anonymous_3)
DA:1,1
DA:23,2
DA:25,2
DA:26,2
DA:27,2
DA:28,2
DA:29,2
DA:32,2
DA:33,2
DA:34,2
DA:35,2
DA:36,2
DA:37,2
DA:46,1
DA:48,1
DA:54,1
DA:55,1
DA:60,1
DA:62,0
DA:68,1
DA:69,1
DA:70,1
DA:78,1
DA:80,0
DA:86,1
DA:87,1
DA:88,1
DA:96,1
DA:98,0
DA:103,1
LF:30
LH:27
BRF:0
BRH:0
end_of_record
TN:
SF:controllers\userController.js
FN:7,(anonymous_0)
FN:22,(anonymous_1)
FN:53,(anonymous_2)
FNF:3
FNH:3
FNDA:2,(anonymous_0)
FNDA:4,(anonymous_1)
FNDA:1,(anonymous_2)
DA:1,1
DA:2,1
DA:3,1
DA:8,2
DA:9,2
DA:10,2
DA:11,2
DA:12,1
DA:13,1
DA:18,1
DA:23,4
DA:24,4
DA:25,4
DA:31,3
DA:32,2
DA:33,2
DA:34,2
DA:36,1
DA:41,1
DA:49,3
DA:54,1
DA:55,1
DA:61,1
DA:67,1
DA:68,1
DA:76,1
DA:77,1
DA:79,0
DA:85,1
LF:29
LH:28
BRDA:31,0,0,1
BRDA:31,0,1,2
BRDA:34,1,0,1
BRDA:34,1,1,1
BRF:4
BRH:4
end_of_record
TN:
SF:helpers\bcrypt.js
FN:3,(anonymous_0)
FN:8,(anonymous_1)
FNF:2
FNH:2
FNDA:2,(anonymous_0)
FNDA:2,(anonymous_1)
DA:1,1
DA:3,1
DA:4,2
DA:5,2
DA:8,1
DA:9,2
DA:12,1
LF:7
LH:7
BRF:0
BRH:0
end_of_record
TN:
SF:helpers\jwt.js
FN:3,generateToken
FN:7,verifyToken
FNF:2
FNH:2
FNDA:1,generateToken
FNDA:7,verifyToken
DA:1,1
DA:4,1
DA:8,7
DA:9,7
DA:10,6
DA:12,1
DA:16,1
LF:7
LH:7
BRF:0
BRH:0
end_of_record
TN:
SF:middlewares\authentication.js
FN:3,(anonymous_0)
FNF:1
FNH:1
FNDA:10,(anonymous_0)
DA:1,1
DA:3,1
DA:4,10
DA:5,10
DA:7,10
DA:8,10
DA:10,7
DA:11,7
DA:12,6
DA:13,6
DA:15,4
DA:19,1
LF:12
LH:12
BRDA:8,0,0,3
BRDA:8,0,1,7
BRDA:11,1,0,1
BRDA:11,1,1,6
BRF:4
BRH:4
end_of_record
TN:
SF:middlewares\authorized.js
FN:3,(anonymous_0)
FNF:1
FNH:1
FNDA:6,(anonymous_0)
DA:1,1
DA:3,1
DA:4,6
DA:5,6
DA:6,6
DA:7,6
DA:12,6
DA:13,6
DA:15,0
DA:19,1
LF:10
LH:9
BRDA:12,0,0,0
BRDA:12,0,1,6
BRF:2
BRH:1
end_of_record
TN:
SF:middlewares\errorHandler.js
FN:1,(anonymous_0)
FN:20,(anonymous_1)
FNF:2
FNH:2
FNDA:9,(anonymous_0)
FNDA:5,(anonymous_1)
DA:1,1
DA:2,9
DA:3,9
DA:4,9
DA:5,9
DA:6,9
DA:7,9
DA:9,9
DA:17,2
DA:18,2
DA:19,2
DA:20,2
DA:21,5
DA:23,2
DA:24,2
DA:33,1
DA:34,1
DA:35,1
DA:36,1
DA:39,1
DA:40,1
DA:41,1
DA:42,1
DA:45,4
DA:46,4
DA:47,4
DA:48,4
DA:51,0
DA:52,0
DA:53,0
DA:54,0
DA:57,1
DA:60,9
LF:33
LH:29
BRDA:9,0,0,2
BRDA:9,0,1,1
BRDA:9,0,2,1
BRDA:9,0,3,4
BRDA:9,0,4,0
BRDA:9,0,5,1
BRF:6
BRH:5
end_of_record
TN:
SF:models\index.js
FN:20,(anonymous_0)
FN:23,(anonymous_1)
FN:28,(anonymous_2)
FNF:3
FNH:3
FNDA:3,(anonymous_0)
FNDA:2,(anonymous_1)
FNDA:2,(anonymous_2)
DA:3,1
DA:4,1
DA:5,1
DA:6,1
DA:7,1
DA:8,1
DA:9,1
DA:12,1
DA:13,0
DA:15,1
DA:18,1
DA:21,3
DA:24,2
DA:25,2
DA:28,1
DA:29,2
DA:30,2
DA:34,1
DA:35,1
DA:37,1
LF:20
LH:19
BRDA:7,0,0,1
BRDA:7,0,1,0
BRDA:12,1,0,0
BRDA:12,1,1,1
BRDA:21,2,0,3
BRDA:21,2,1,3
BRDA:21,2,2,2
BRDA:29,3,0,2
BRDA:29,3,1,0
BRF:9
BRH:6
end_of_record
TN:
SF:models\order.js
FN:5,(anonymous_0)
FN:12,(anonymous_1)
FNF:2
FNH:2
FNDA:1,(anonymous_0)
FNDA:1,(anonymous_1)
DA:4,1
DA:5,1
DA:14,1
DA:19,1
DA:109,1
LF:5
LH:5
BRF:0
BRH:0
end_of_record
TN:
SF:models\user.js
FN:5,(anonymous_0)
FN:12,(anonymous_1)
FN:78,(anonymous_2)
FNF:3
FNH:3
FNDA:1,(anonymous_0)
FNDA:1,(anonymous_1)
FNDA:2,(anonymous_2)
DA:3,1
DA:4,1
DA:5,1
DA:14,1
DA:17,1
DA:79,2
DA:85,1
LF:7
LH:7
BRF:0
BRH:0
end_of_record
TN:
SF:routes\index.js
FNF:0
FNH:0
DA:1,1
DA:2,1
DA:3,1
DA:5,1
DA:6,1
DA:9,1
LF:6
LH:6
BRF:0
BRH:0
end_of_record
TN:
SF:routes\order.js
FNF:0
FNH:0
DA:1,1
DA:2,1
DA:3,1
DA:4,1
DA:7,1
DA:15,1
DA:22,1
DA:26,1
DA:29,1
LF:9
LH:9
BRF:0
BRH:0
end_of_record
TN:
SF:routes\user.js
FNF:0
FNH:0
DA:1,1
DA:2,1
DA:3,1
DA:4,1
DA:7,1
DA:9,1
DA:20,1
DA:21,1
LF:8
LH:8
BRF:0
BRH:0
end_of_record
